{"/home/joska/Code/playground-ui/lib/Button/Button.tsx": {"path":"/home/joska/Code/playground-ui/lib/Button/Button.tsx","all":false,"statementMap":{"2":{"start":{"line":3,"column":0},"end":{"line":3,"column":33}},"3":{"start":{"line":4,"column":0},"end":{"line":4,"column":50}},"7":{"start":{"line":8,"column":0},"end":{"line":8,"column":17}},"13":{"start":{"line":14,"column":0},"end":{"line":14,"column":18}},"15":{"start":{"line":16,"column":0},"end":{"line":16,"column":17}},"17":{"start":{"line":18,"column":0},"end":{"line":18,"column":11}},"18":{"start":{"line":19,"column":0},"end":{"line":19,"column":66}},"19":{"start":{"line":20,"column":0},"end":{"line":20,"column":17}},"20":{"start":{"line":21,"column":0},"end":{"line":21,"column":15}},"21":{"start":{"line":22,"column":0},"end":{"line":22,"column":16}},"23":{"start":{"line":24,"column":0},"end":{"line":24,"column":16}},"24":{"start":{"line":25,"column":0},"end":{"line":25,"column":13}}},"s":{"2":1,"3":1,"7":1,"13":1,"15":1,"17":1,"18":1,"19":1,"20":1,"21":1,"23":1,"24":1},"branchMap":{"0":{"type":"branch","line":8,"loc":{"start":{"line":8,"column":0},"end":{"line":25,"column":13}},"locations":[{"start":{"line":8,"column":0},"end":{"line":25,"column":13}}]},"1":{"type":"branch","line":16,"loc":{"start":{"line":16,"column":14},"end":{"line":16,"column":17}},"locations":[{"start":{"line":16,"column":14},"end":{"line":16,"column":17}}]},"2":{"type":"branch","line":14,"loc":{"start":{"line":14,"column":17},"end":{"line":14,"column":18}},"locations":[{"start":{"line":14,"column":17},"end":{"line":14,"column":18}}]},"3":{"type":"branch","line":14,"loc":{"start":{"line":14,"column":17},"end":{"line":14,"column":18}},"locations":[{"start":{"line":14,"column":17},"end":{"line":14,"column":18}}]},"4":{"type":"branch","line":19,"loc":{"start":{"line":19,"column":65},"end":{"line":19,"column":66}},"locations":[{"start":{"line":19,"column":65},"end":{"line":19,"column":66}}]},"5":{"type":"branch","line":19,"loc":{"start":{"line":19,"column":65},"end":{"line":19,"column":66}},"locations":[{"start":{"line":19,"column":65},"end":{"line":19,"column":66}}]},"6":{"type":"branch","line":19,"loc":{"start":{"line":19,"column":65},"end":{"line":19,"column":66}},"locations":[{"start":{"line":19,"column":65},"end":{"line":19,"column":66}}]},"7":{"type":"branch","line":19,"loc":{"start":{"line":19,"column":65},"end":{"line":19,"column":66}},"locations":[{"start":{"line":19,"column":65},"end":{"line":19,"column":66}}]},"8":{"type":"branch","line":19,"loc":{"start":{"line":19,"column":65},"end":{"line":19,"column":66}},"locations":[{"start":{"line":19,"column":65},"end":{"line":19,"column":66}}]}},"b":{"0":[1],"1":[0],"2":[0],"3":[0],"4":[0],"5":[0],"6":[0],"7":[0],"8":[0]},"fnMap":{"0":{"name":"Button","decl":{"start":{"line":8,"column":0},"end":{"line":25,"column":13}},"loc":{"start":{"line":8,"column":0},"end":{"line":25,"column":13}},"line":8}},"f":{"0":1}}
,"/home/joska/Code/playground-ui/lib/Button/buttonVariants.ts": {"path":"/home/joska/Code/playground-ui/lib/Button/buttonVariants.ts","all":false,"statementMap":{"0":{"start":{"line":1,"column":0},"end":{"line":1,"column":47}},"2":{"start":{"line":3,"column":0},"end":{"line":3,"column":34}},"3":{"start":{"line":4,"column":0},"end":{"line":4,"column":349}},"4":{"start":{"line":5,"column":0},"end":{"line":5,"column":3}},"5":{"start":{"line":6,"column":0},"end":{"line":6,"column":15}},"6":{"start":{"line":7,"column":0},"end":{"line":7,"column":16}},"7":{"start":{"line":8,"column":0},"end":{"line":8,"column":74}},"8":{"start":{"line":9,"column":0},"end":{"line":9,"column":90}},"9":{"start":{"line":10,"column":0},"end":{"line":10,"column":98}},"10":{"start":{"line":11,"column":0},"end":{"line":11,"column":82}},"11":{"start":{"line":12,"column":0},"end":{"line":12,"column":62}},"12":{"start":{"line":13,"column":0},"end":{"line":13,"column":64}},"13":{"start":{"line":14,"column":0},"end":{"line":14,"column":8}},"14":{"start":{"line":15,"column":0},"end":{"line":15,"column":13}},"15":{"start":{"line":16,"column":0},"end":{"line":16,"column":34}},"16":{"start":{"line":17,"column":0},"end":{"line":17,"column":34}},"17":{"start":{"line":18,"column":0},"end":{"line":18,"column":35}},"18":{"start":{"line":19,"column":0},"end":{"line":19,"column":26}},"19":{"start":{"line":20,"column":0},"end":{"line":20,"column":8}},"20":{"start":{"line":21,"column":0},"end":{"line":21,"column":6}},"21":{"start":{"line":22,"column":0},"end":{"line":22,"column":22}},"22":{"start":{"line":23,"column":0},"end":{"line":23,"column":25}},"23":{"start":{"line":24,"column":0},"end":{"line":24,"column":22}},"24":{"start":{"line":25,"column":0},"end":{"line":25,"column":6}},"25":{"start":{"line":26,"column":0},"end":{"line":26,"column":3}},"26":{"start":{"line":27,"column":0},"end":{"line":27,"column":2}}},"s":{"0":1,"2":1,"3":1,"4":1,"5":1,"6":1,"7":1,"8":1,"9":1,"10":1,"11":1,"12":1,"13":1,"14":1,"15":1,"16":1,"17":1,"18":1,"19":1,"20":1,"21":1,"22":1,"23":1,"24":1,"25":1,"26":1},"branchMap":{},"b":{},"fnMap":{},"f":{}}
,"/home/joska/Code/playground-ui/lib/Input/Input.tsx": {"path":"/home/joska/Code/playground-ui/lib/Input/Input.tsx","all":false,"statementMap":{"2":{"start":{"line":3,"column":0},"end":{"line":3,"column":33}},"3":{"start":{"line":4,"column":0},"end":{"line":4,"column":48}},"7":{"start":{"line":8,"column":0},"end":{"line":8,"column":82}},"9":{"start":{"line":10,"column":0},"end":{"line":10,"column":100}}},"s":{"2":1,"3":1,"7":1,"9":1},"branchMap":{"0":{"type":"branch","line":8,"loc":{"start":{"line":8,"column":0},"end":{"line":10,"column":100}},"locations":[{"start":{"line":8,"column":0},"end":{"line":10,"column":100}}]},"1":{"type":"branch","line":8,"loc":{"start":{"line":8,"column":79},"end":{"line":8,"column":82}},"locations":[{"start":{"line":8,"column":79},"end":{"line":8,"column":82}}]},"2":{"type":"branch","line":8,"loc":{"start":{"line":8,"column":55},"end":{"line":8,"column":41}},"locations":[{"start":{"line":8,"column":55},"end":{"line":8,"column":41}}]},"3":{"type":"branch","line":8,"loc":{"start":{"line":8,"column":55},"end":{"line":8,"column":79}},"locations":[{"start":{"line":8,"column":55},"end":{"line":8,"column":79}}]},"4":{"type":"branch","line":10,"loc":{"start":{"line":10,"column":63},"end":{"line":10,"column":70}},"locations":[{"start":{"line":10,"column":63},"end":{"line":10,"column":70}}]},"5":{"type":"branch","line":10,"loc":{"start":{"line":10,"column":63},"end":{"line":10,"column":70}},"locations":[{"start":{"line":10,"column":63},"end":{"line":10,"column":70}}]},"6":{"type":"branch","line":10,"loc":{"start":{"line":10,"column":63},"end":{"line":10,"column":70}},"locations":[{"start":{"line":10,"column":63},"end":{"line":10,"column":70}}]},"7":{"type":"branch","line":10,"loc":{"start":{"line":10,"column":63},"end":{"line":10,"column":70}},"locations":[{"start":{"line":10,"column":63},"end":{"line":10,"column":70}}]}},"b":{"0":[1],"1":[0],"2":[0],"3":[0],"4":[0],"5":[0],"6":[0],"7":[0]},"fnMap":{"0":{"name":"Input","decl":{"start":{"line":8,"column":0},"end":{"line":10,"column":100}},"loc":{"start":{"line":8,"column":0},"end":{"line":10,"column":100}},"line":8}},"f":{"0":1}}
,"/home/joska/Code/playground-ui/lib/Input/inputVariants.ts": {"path":"/home/joska/Code/playground-ui/lib/Input/inputVariants.ts","all":false,"statementMap":{"0":{"start":{"line":1,"column":0},"end":{"line":1,"column":47}},"2":{"start":{"line":3,"column":0},"end":{"line":3,"column":33}},"3":{"start":{"line":4,"column":0},"end":{"line":4,"column":339}},"4":{"start":{"line":5,"column":0},"end":{"line":5,"column":3}},"5":{"start":{"line":6,"column":0},"end":{"line":6,"column":15}},"6":{"start":{"line":7,"column":0},"end":{"line":7,"column":16}},"7":{"start":{"line":8,"column":0},"end":{"line":8,"column":16}},"8":{"start":{"line":9,"column":0},"end":{"line":9,"column":97}},"9":{"start":{"line":10,"column":0},"end":{"line":10,"column":16}},"10":{"start":{"line":11,"column":0},"end":{"line":11,"column":118}},"11":{"start":{"line":12,"column":0},"end":{"line":12,"column":20}},"12":{"start":{"line":13,"column":0},"end":{"line":13,"column":134}},"13":{"start":{"line":14,"column":0},"end":{"line":14,"column":18}},"14":{"start":{"line":15,"column":0},"end":{"line":15,"column":123}},"15":{"start":{"line":16,"column":0},"end":{"line":16,"column":8}},"16":{"start":{"line":17,"column":0},"end":{"line":17,"column":6}},"17":{"start":{"line":18,"column":0},"end":{"line":18,"column":22}},"18":{"start":{"line":19,"column":0},"end":{"line":19,"column":25}},"19":{"start":{"line":20,"column":0},"end":{"line":20,"column":6}},"20":{"start":{"line":21,"column":0},"end":{"line":21,"column":3}},"21":{"start":{"line":22,"column":0},"end":{"line":22,"column":2}}},"s":{"0":1,"2":1,"3":1,"4":1,"5":1,"6":1,"7":1,"8":1,"9":1,"10":1,"11":1,"12":1,"13":1,"14":1,"15":1,"16":1,"17":1,"18":1,"19":1,"20":1,"21":1},"branchMap":{},"b":{},"fnMap":{},"f":{}}
,"/home/joska/Code/playground-ui/lib/Label/Label.tsx": {"path":"/home/joska/Code/playground-ui/lib/Label/Label.tsx","all":false,"statementMap":{"2":{"start":{"line":3,"column":0},"end":{"line":3,"column":33}},"3":{"start":{"line":4,"column":0},"end":{"line":4,"column":48}},"7":{"start":{"line":8,"column":0},"end":{"line":8,"column":77}},"9":{"start":{"line":10,"column":0},"end":{"line":10,"column":86}},"10":{"start":{"line":11,"column":0},"end":{"line":11,"column":16}},"11":{"start":{"line":12,"column":0},"end":{"line":12,"column":12}}},"s":{"2":1,"3":1,"7":1,"9":1,"10":1,"11":1},"branchMap":{"0":{"type":"branch","line":8,"loc":{"start":{"line":8,"column":0},"end":{"line":12,"column":12}},"locations":[{"start":{"line":8,"column":0},"end":{"line":12,"column":12}}]},"1":{"type":"branch","line":8,"loc":{"start":{"line":8,"column":74},"end":{"line":8,"column":77}},"locations":[{"start":{"line":8,"column":74},"end":{"line":8,"column":77}}]},"2":{"type":"branch","line":8,"loc":{"start":{"line":8,"column":74},"end":{"line":8,"column":77}},"locations":[{"start":{"line":8,"column":74},"end":{"line":8,"column":77}}]},"3":{"type":"branch","line":10,"loc":{"start":{"line":10,"column":63},"end":{"line":10,"column":70}},"locations":[{"start":{"line":10,"column":63},"end":{"line":10,"column":70}}]},"4":{"type":"branch","line":10,"loc":{"start":{"line":10,"column":63},"end":{"line":10,"column":70}},"locations":[{"start":{"line":10,"column":63},"end":{"line":10,"column":70}}]},"5":{"type":"branch","line":10,"loc":{"start":{"line":10,"column":63},"end":{"line":10,"column":70}},"locations":[{"start":{"line":10,"column":63},"end":{"line":10,"column":70}}]},"6":{"type":"branch","line":10,"loc":{"start":{"line":10,"column":63},"end":{"line":10,"column":70}},"locations":[{"start":{"line":10,"column":63},"end":{"line":10,"column":70}}]}},"b":{"0":[1],"1":[0],"2":[0],"3":[0],"4":[0],"5":[0],"6":[0]},"fnMap":{"0":{"name":"Label","decl":{"start":{"line":8,"column":0},"end":{"line":12,"column":12}},"loc":{"start":{"line":8,"column":0},"end":{"line":12,"column":12}},"line":8}},"f":{"0":1}}
,"/home/joska/Code/playground-ui/lib/Label/labelVariants.ts": {"path":"/home/joska/Code/playground-ui/lib/Label/labelVariants.ts","all":false,"statementMap":{"0":{"start":{"line":1,"column":0},"end":{"line":1,"column":47}},"2":{"start":{"line":3,"column":0},"end":{"line":3,"column":33}},"3":{"start":{"line":4,"column":0},"end":{"line":4,"column":315}},"4":{"start":{"line":5,"column":0},"end":{"line":5,"column":3}},"5":{"start":{"line":6,"column":0},"end":{"line":6,"column":15}},"6":{"start":{"line":7,"column":0},"end":{"line":7,"column":16}},"7":{"start":{"line":8,"column":0},"end":{"line":8,"column":49}},"8":{"start":{"line":9,"column":0},"end":{"line":9,"column":98}},"9":{"start":{"line":10,"column":0},"end":{"line":10,"column":54}},"10":{"start":{"line":11,"column":0},"end":{"line":11,"column":66}},"11":{"start":{"line":12,"column":0},"end":{"line":12,"column":60}},"12":{"start":{"line":13,"column":0},"end":{"line":13,"column":8}},"13":{"start":{"line":14,"column":0},"end":{"line":14,"column":6}},"14":{"start":{"line":15,"column":0},"end":{"line":15,"column":22}},"15":{"start":{"line":16,"column":0},"end":{"line":16,"column":25}},"16":{"start":{"line":17,"column":0},"end":{"line":17,"column":6}},"17":{"start":{"line":18,"column":0},"end":{"line":18,"column":3}},"18":{"start":{"line":19,"column":0},"end":{"line":19,"column":2}}},"s":{"0":1,"2":1,"3":1,"4":1,"5":1,"6":1,"7":1,"8":1,"9":1,"10":1,"11":1,"12":1,"13":1,"14":1,"15":1,"16":1,"17":1,"18":1},"branchMap":{},"b":{},"fnMap":{},"f":{}}
,"/home/joska/Code/playground-ui/lib/Slider/Slider.tsx": {"path":"/home/joska/Code/playground-ui/lib/Slider/Slider.tsx","all":false,"statementMap":{"1":{"start":{"line":2,"column":0},"end":{"line":2,"column":33}},"2":{"start":{"line":3,"column":0},"end":{"line":3,"column":33}},"3":{"start":{"line":4,"column":0},"end":{"line":4,"column":50}},"17":{"start":{"line":18,"column":0},"end":{"line":18,"column":17}},"29":{"start":{"line":30,"column":0},"end":{"line":30,"column":56}},"31":{"start":{"line":32,"column":0},"end":{"line":32,"column":69}},"32":{"start":{"line":33,"column":0},"end":{"line":33,"column":52}},"33":{"start":{"line":34,"column":0},"end":{"line":34,"column":29}},"34":{"start":{"line":35,"column":0},"end":{"line":35,"column":23}},"35":{"start":{"line":36,"column":0},"end":{"line":36,"column":3}},"38":{"start":{"line":39,"column":0},"end":{"line":39,"column":88}},"39":{"start":{"line":40,"column":0},"end":{"line":40,"column":12}},"40":{"start":{"line":41,"column":0},"end":{"line":41,"column":30}},"41":{"start":{"line":42,"column":0},"end":{"line":42,"column":17}},"42":{"start":{"line":43,"column":0},"end":{"line":43,"column":20}},"43":{"start":{"line":44,"column":0},"end":{"line":44,"column":17}},"44":{"start":{"line":45,"column":0},"end":{"line":45,"column":17}},"45":{"start":{"line":46,"column":0},"end":{"line":46,"column":19}},"46":{"start":{"line":47,"column":0},"end":{"line":47,"column":27}},"47":{"start":{"line":48,"column":0},"end":{"line":48,"column":31}},"48":{"start":{"line":49,"column":0},"end":{"line":49,"column":62}},"49":{"start":{"line":50,"column":0},"end":{"line":50,"column":8}},"50":{"start":{"line":51,"column":0},"end":{"line":51,"column":94}},"51":{"start":{"line":52,"column":0},"end":{"line":52,"column":12}}},"s":{"1":1,"2":1,"3":1,"17":1,"29":1,"31":1,"32":0,"33":0,"34":0,"35":1,"38":1,"39":1,"40":1,"41":1,"42":1,"43":1,"44":1,"45":1,"46":1,"47":1,"48":1,"49":1,"50":1,"51":1},"branchMap":{"0":{"type":"branch","line":18,"loc":{"start":{"line":18,"column":0},"end":{"line":52,"column":12}},"locations":[{"start":{"line":18,"column":0},"end":{"line":52,"column":12}}]},"1":{"type":"branch","line":49,"loc":{"start":{"line":49,"column":61},"end":{"line":49,"column":62}},"locations":[{"start":{"line":49,"column":61},"end":{"line":49,"column":62}}]},"2":{"type":"branch","line":49,"loc":{"start":{"line":49,"column":61},"end":{"line":49,"column":62}},"locations":[{"start":{"line":49,"column":61},"end":{"line":49,"column":62}}]},"3":{"type":"branch","line":49,"loc":{"start":{"line":49,"column":61},"end":{"line":49,"column":62}},"locations":[{"start":{"line":49,"column":61},"end":{"line":49,"column":62}}]},"4":{"type":"branch","line":49,"loc":{"start":{"line":49,"column":61},"end":{"line":49,"column":62}},"locations":[{"start":{"line":49,"column":61},"end":{"line":49,"column":62}}]},"5":{"type":"branch","line":49,"loc":{"start":{"line":49,"column":61},"end":{"line":49,"column":62}},"locations":[{"start":{"line":49,"column":61},"end":{"line":49,"column":62}}]},"6":{"type":"branch","line":49,"loc":{"start":{"line":49,"column":61},"end":{"line":49,"column":62}},"locations":[{"start":{"line":49,"column":61},"end":{"line":49,"column":62}}]},"7":{"type":"branch","line":49,"loc":{"start":{"line":49,"column":61},"end":{"line":49,"column":62}},"locations":[{"start":{"line":49,"column":61},"end":{"line":49,"column":62}}]},"8":{"type":"branch","line":51,"loc":{"start":{"line":51,"column":70},"end":{"line":51,"column":86}},"locations":[{"start":{"line":51,"column":70},"end":{"line":51,"column":86}}]}},"b":{"0":[1],"1":[0],"2":[0],"3":[0],"4":[0],"5":[0],"6":[0],"7":[0],"8":[0]},"fnMap":{"0":{"name":"Slider","decl":{"start":{"line":18,"column":0},"end":{"line":52,"column":12}},"loc":{"start":{"line":18,"column":0},"end":{"line":52,"column":12}},"line":18},"1":{"name":"handleChange2","decl":{"start":{"line":32,"column":2},"end":{"line":35,"column":23}},"loc":{"start":{"line":32,"column":2},"end":{"line":35,"column":23}},"line":32}},"f":{"0":1,"1":0}}
,"/home/joska/Code/playground-ui/lib/Slider/sliderVariants.ts": {"path":"/home/joska/Code/playground-ui/lib/Slider/sliderVariants.ts","all":false,"statementMap":{"0":{"start":{"line":1,"column":0},"end":{"line":1,"column":47}},"2":{"start":{"line":3,"column":0},"end":{"line":3,"column":34}},"3":{"start":{"line":4,"column":0},"end":{"line":4,"column":129}},"4":{"start":{"line":5,"column":0},"end":{"line":5,"column":3}},"5":{"start":{"line":6,"column":0},"end":{"line":6,"column":15}},"6":{"start":{"line":7,"column":0},"end":{"line":7,"column":16}},"7":{"start":{"line":8,"column":0},"end":{"line":8,"column":53}},"8":{"start":{"line":9,"column":0},"end":{"line":9,"column":54}},"9":{"start":{"line":10,"column":0},"end":{"line":10,"column":66}},"10":{"start":{"line":11,"column":0},"end":{"line":11,"column":60}},"11":{"start":{"line":12,"column":0},"end":{"line":12,"column":8}},"12":{"start":{"line":13,"column":0},"end":{"line":13,"column":6}},"13":{"start":{"line":14,"column":0},"end":{"line":14,"column":22}},"14":{"start":{"line":15,"column":0},"end":{"line":15,"column":25}},"15":{"start":{"line":16,"column":0},"end":{"line":16,"column":6}},"16":{"start":{"line":17,"column":0},"end":{"line":17,"column":3}},"17":{"start":{"line":18,"column":0},"end":{"line":18,"column":2}}},"s":{"0":1,"2":1,"3":1,"4":1,"5":1,"6":1,"7":1,"8":1,"9":1,"10":1,"11":1,"12":1,"13":1,"14":1,"15":1,"16":1,"17":1},"branchMap":{},"b":{},"fnMap":{},"f":{}}
,"/home/joska/Code/playground-ui/lib/utils/cn.ts": {"path":"/home/joska/Code/playground-ui/lib/utils/cn.ts","all":false,"statementMap":{"1":{"start":{"line":2,"column":0},"end":{"line":2,"column":28}},"2":{"start":{"line":3,"column":0},"end":{"line":3,"column":41}},"4":{"start":{"line":5,"column":0},"end":{"line":5,"column":69}}},"s":{"1":1,"2":1,"4":1},"branchMap":{"0":{"type":"branch","line":5,"loc":{"start":{"line":5,"column":18},"end":{"line":5,"column":69}},"locations":[{"start":{"line":5,"column":18},"end":{"line":5,"column":69}}]}},"b":{"0":[4]},"fnMap":{"0":{"name":"cn","decl":{"start":{"line":5,"column":18},"end":{"line":5,"column":69}},"loc":{"start":{"line":5,"column":18},"end":{"line":5,"column":69}},"line":5}},"f":{"0":4}}
}
