{
  "/home/joska/Code/playground-ui/postcss.config.js": {
    "path": "/home/joska/Code/playground-ui/postcss.config.js",
    "all": true,
    "statementMap": {
      "0": { "start": { "line": 1, "column": 0 }, "end": { "line": 1, "column": 16 } },
      "1": { "start": { "line": 2, "column": 0 }, "end": { "line": 2, "column": 12 } },
      "2": { "start": { "line": 3, "column": 0 }, "end": { "line": 3, "column": 20 } },
      "3": { "start": { "line": 4, "column": 0 }, "end": { "line": 4, "column": 21 } },
      "4": { "start": { "line": 5, "column": 0 }, "end": { "line": 5, "column": 4 } },
      "5": { "start": { "line": 6, "column": 0 }, "end": { "line": 6, "column": 1 } }
    },
    "s": { "0": 0, "1": 0, "2": 0, "3": 0, "4": 0, "5": 0 },
    "branchMap": {
      "0": {
        "type": "branch",
        "line": 1,
        "loc": { "start": { "line": 1, "column": 0 }, "end": { "line": 6, "column": -11 } },
        "locations": [{ "start": { "line": 1, "column": 0 }, "end": { "line": 6, "column": -11 } }]
      }
    },
    "b": { "0": [0] },
    "fnMap": {
      "0": {
        "name": "(empty-report)",
        "decl": { "start": { "line": 1, "column": 0 }, "end": { "line": 6, "column": -11 } },
        "loc": { "start": { "line": 1, "column": 0 }, "end": { "line": 6, "column": -11 } },
        "line": 1
      }
    },
    "f": { "0": 0 }
  },
  "/home/joska/Code/playground-ui/tailwind.config.js": {
    "path": "/home/joska/Code/playground-ui/tailwind.config.js",
    "all": true,
    "statementMap": {
      "0": { "start": { "line": 1, "column": 0 }, "end": { "line": 1, "column": 43 } },
      "1": { "start": { "line": 2, "column": 0 }, "end": { "line": 2, "column": 16 } },
      "2": { "start": { "line": 3, "column": 0 }, "end": { "line": 3, "column": 42 } },
      "3": { "start": { "line": 4, "column": 0 }, "end": { "line": 4, "column": 10 } },
      "4": { "start": { "line": 5, "column": 0 }, "end": { "line": 5, "column": 15 } },
      "5": { "start": { "line": 6, "column": 0 }, "end": { "line": 6, "column": 4 } },
      "6": { "start": { "line": 7, "column": 0 }, "end": { "line": 7, "column": 14 } },
      "7": { "start": { "line": 8, "column": 0 }, "end": { "line": 8, "column": 2 } }
    },
    "s": { "0": 0, "1": 0, "2": 0, "3": 0, "4": 0, "5": 0, "6": 0, "7": 0 },
    "branchMap": {
      "0": {
        "type": "branch",
        "line": 1,
        "loc": { "start": { "line": 1, "column": 0 }, "end": { "line": 8, "column": -13 } },
        "locations": [{ "start": { "line": 1, "column": 0 }, "end": { "line": 8, "column": -13 } }]
      }
    },
    "b": { "0": [0] },
    "fnMap": {
      "0": {
        "name": "(empty-report)",
        "decl": { "start": { "line": 1, "column": 0 }, "end": { "line": 8, "column": -13 } },
        "loc": { "start": { "line": 1, "column": 0 }, "end": { "line": 8, "column": -13 } },
        "line": 1
      }
    },
    "f": { "0": 0 }
  },
  "/home/joska/Code/playground-ui/lib/main.ts": {
    "path": "/home/joska/Code/playground-ui/lib/main.ts",
    "all": true,
    "statementMap": {
      "0": { "start": { "line": 1, "column": 0 }, "end": { "line": 1, "column": 29 } },
      "1": { "start": { "line": 2, "column": 0 }, "end": { "line": 2, "column": 41 } }
    },
    "s": { "0": 0, "1": 0 },
    "branchMap": {
      "0": {
        "type": "branch",
        "line": 1,
        "loc": { "start": { "line": 1, "column": 0 }, "end": { "line": 2, "column": -1 } },
        "locations": [{ "start": { "line": 1, "column": 0 }, "end": { "line": 2, "column": -1 } }]
      }
    },
    "b": { "0": [0] },
    "fnMap": {
      "0": {
        "name": "(empty-report)",
        "decl": { "start": { "line": 1, "column": 0 }, "end": { "line": 2, "column": -1 } },
        "loc": { "start": { "line": 1, "column": 0 }, "end": { "line": 2, "column": -1 } },
        "line": 1
      }
    },
    "f": { "0": 0 }
  },
  "/home/joska/Code/playground-ui/lib/Button/Button.stories.tsx": {
    "path": "/home/joska/Code/playground-ui/lib/Button/Button.stories.tsx",
    "all": true,
    "statementMap": {
      "2": { "start": { "line": 3, "column": 0 }, "end": { "line": 3, "column": 33 } },
      "4": { "start": { "line": 5, "column": 0 }, "end": { "line": 5, "column": 35 } },
      "5": { "start": { "line": 6, "column": 0 }, "end": { "line": 6, "column": 18 } },
      "6": { "start": { "line": 7, "column": 0 }, "end": { "line": 7, "column": 1 } },
      "8": { "start": { "line": 9, "column": 0 }, "end": { "line": 9, "column": 19 } },
      "12": { "start": { "line": 13, "column": 0 }, "end": { "line": 13, "column": 31 } },
      "13": { "start": { "line": 14, "column": 0 }, "end": { "line": 14, "column": 8 } },
      "14": { "start": { "line": 15, "column": 0 }, "end": { "line": 15, "column": 23 } },
      "15": { "start": { "line": 16, "column": 0 }, "end": { "line": 16, "column": 2 } },
      "16": { "start": { "line": 17, "column": 0 }, "end": { "line": 17, "column": 1 } },
      "18": { "start": { "line": 19, "column": 0 }, "end": { "line": 19, "column": 29 } },
      "19": { "start": { "line": 20, "column": 0 }, "end": { "line": 20, "column": 8 } },
      "20": { "start": { "line": 21, "column": 0 }, "end": { "line": 21, "column": 16 } },
      "21": { "start": { "line": 22, "column": 0 }, "end": { "line": 22, "column": 2 } },
      "22": { "start": { "line": 23, "column": 0 }, "end": { "line": 23, "column": 1 } }
    },
    "s": {
      "2": 0,
      "4": 0,
      "5": 0,
      "6": 0,
      "8": 0,
      "12": 0,
      "13": 0,
      "14": 0,
      "15": 0,
      "16": 0,
      "18": 0,
      "19": 0,
      "20": 0,
      "21": 0,
      "22": 0
    },
    "branchMap": {
      "0": {
        "type": "branch",
        "line": 1,
        "loc": { "start": { "line": 1, "column": 339 }, "end": { "line": 23, "column": 1 } },
        "locations": [{ "start": { "line": 1, "column": 339 }, "end": { "line": 23, "column": 1 } }]
      }
    },
    "b": { "0": [1] },
    "fnMap": {
      "0": {
        "name": "(empty-report)",
        "decl": { "start": { "line": 1, "column": 339 }, "end": { "line": 23, "column": 1 } },
        "loc": { "start": { "line": 1, "column": 339 }, "end": { "line": 23, "column": 1 } },
        "line": 1
      }
    },
    "f": { "0": 1 }
  },
  "/home/joska/Code/playground-ui/lib/Button/Button.tsx": {
    "path": "/home/joska/Code/playground-ui/lib/Button/Button.tsx",
    "all": false,
    "statementMap": {
      "6": { "start": { "line": 7, "column": 0 }, "end": { "line": 7, "column": 65 } },
      "7": { "start": { "line": 8, "column": 0 }, "end": { "line": 8, "column": 59 } },
      "8": { "start": { "line": 9, "column": 0 }, "end": { "line": 9, "column": 2 } }
    },
    "s": { "6": 1, "7": 1, "8": 1 },
    "branchMap": {
      "0": {
        "type": "branch",
        "line": 7,
        "loc": { "start": { "line": 7, "column": 22 }, "end": { "line": 9, "column": 2 } },
        "locations": [{ "start": { "line": 7, "column": 22 }, "end": { "line": 9, "column": 2 } }]
      }
    },
    "b": { "0": [1] },
    "fnMap": {
      "0": {
        "name": "Button",
        "decl": { "start": { "line": 7, "column": 22 }, "end": { "line": 9, "column": 2 } },
        "loc": { "start": { "line": 7, "column": 22 }, "end": { "line": 9, "column": 2 } },
        "line": 7
      }
    },
    "f": { "0": 1 }
  },
  "/home/joska/Code/playground-ui/src/App.tsx": {
    "path": "/home/joska/Code/playground-ui/src/App.tsx",
    "all": true,
    "statementMap": {
      "0": { "start": { "line": 1, "column": 0 }, "end": { "line": 1, "column": 39 } },
      "1": { "start": { "line": 2, "column": 0 }, "end": { "line": 2, "column": 34 } },
      "3": { "start": { "line": 4, "column": 0 }, "end": { "line": 4, "column": 16 } },
      "4": { "start": { "line": 5, "column": 0 }, "end": { "line": 5, "column": 10 } },
      "5": { "start": { "line": 6, "column": 0 }, "end": { "line": 6, "column": 9 } },
      "6": { "start": { "line": 7, "column": 0 }, "end": { "line": 7, "column": 32 } },
      "7": { "start": { "line": 8, "column": 0 }, "end": { "line": 8, "column": 10 } },
      "9": { "start": { "line": 10, "column": 0 }, "end": { "line": 10, "column": 1 } },
      "11": { "start": { "line": 12, "column": 0 }, "end": { "line": 12, "column": 19 } }
    },
    "s": { "0": 0, "1": 0, "3": 0, "4": 0, "5": 0, "6": 0, "7": 0, "9": 0, "11": 0 },
    "branchMap": {
      "0": {
        "type": "branch",
        "line": 1,
        "loc": { "start": { "line": 1, "column": 120 }, "end": { "line": 12, "column": -127 } },
        "locations": [
          { "start": { "line": 1, "column": 120 }, "end": { "line": 12, "column": -127 } }
        ]
      }
    },
    "b": { "0": [0] },
    "fnMap": {
      "0": {
        "name": "(empty-report)",
        "decl": { "start": { "line": 1, "column": 120 }, "end": { "line": 12, "column": -127 } },
        "loc": { "start": { "line": 1, "column": 120 }, "end": { "line": 12, "column": -127 } },
        "line": 1
      }
    },
    "f": { "0": 0 }
  },
  "/home/joska/Code/playground-ui/src/main.tsx": {
    "path": "/home/joska/Code/playground-ui/src/main.tsx",
    "all": true,
    "statementMap": {
      "0": { "start": { "line": 1, "column": 0 }, "end": { "line": 1, "column": 35 } },
      "1": { "start": { "line": 2, "column": 0 }, "end": { "line": 2, "column": 46 } },
      "2": { "start": { "line": 3, "column": 0 }, "end": { "line": 3, "column": 28 } },
      "4": { "start": { "line": 5, "column": 0 }, "end": { "line": 5, "column": 52 } },
      "5": { "start": { "line": 6, "column": 0 }, "end": { "line": 6, "column": 14 } },
      "6": { "start": { "line": 7, "column": 0 }, "end": { "line": 7, "column": 11 } },
      "7": { "start": { "line": 8, "column": 0 }, "end": { "line": 8, "column": 15 } },
      "8": { "start": { "line": 9, "column": 0 }, "end": { "line": 9, "column": 2 } }
    },
    "s": { "0": 0, "1": 0, "2": 0, "4": 0, "5": 0, "6": 0, "7": 0, "8": 0 },
    "branchMap": {
      "0": {
        "type": "branch",
        "line": 1,
        "loc": { "start": { "line": 1, "column": 185 }, "end": { "line": 9, "column": -127 } },
        "locations": [
          { "start": { "line": 1, "column": 185 }, "end": { "line": 9, "column": -127 } }
        ]
      }
    },
    "b": { "0": [0] },
    "fnMap": {
      "0": {
        "name": "(empty-report)",
        "decl": { "start": { "line": 1, "column": 185 }, "end": { "line": 9, "column": -127 } },
        "loc": { "start": { "line": 1, "column": 185 }, "end": { "line": 9, "column": -127 } },
        "line": 1
      }
    },
    "f": { "0": 0 }
  }
}
